<?xml version="1.0" encoding="UTF-8"?>
<!-- Generated by org.testng.reporters.JUnitReportReporter -->
<testsuite skipped="1" hostname="Veeranti" name="com.testNG.MultipleMethodsPrioirity" tests="4" failures="0" timestamp="09 May 2018 04:36:01 GMT" time="0.025" errors="0">
  <testcase name="login" time="0.019" classname="com.testNG.MultipleMethodsPrioirity"/>
  <testcase name="Search" time="0.003" classname="com.testNG.MultipleMethodsPrioirity"/>
  <testcase name="Logout" time="0.003" classname="com.testNG.MultipleMethodsPrioirity"/>
  <testcase name="AdvancedSearch" classname="com.testNG.MultipleMethodsPrioirity">
    <skipped/>
  </testcase> <!-- AdvancedSearch -->
</testsuite> <!-- com.testNG.MultipleMethodsPrioirity -->
