<?xml version="1.0" encoding="UTF-8"?>
<!-- Generated by org.testng.reporters.JUnitReportReporter -->
<testsuite skipped="0" hostname="Veeranti" name="com.testNG.BrowsersTC_with_Annotations" tests="2" failures="0" timestamp="09 May 2018 05:10:18 GMT" time="24.567" errors="0">
  <testcase name="verifyPageTitleGoogle" time="6.026" classname="com.testNG.BrowsersTC_with_Annotations"/>
  <testcase name="verifyPageTitleYahoo" time="18.541" classname="com.testNG.BrowsersTC_with_Annotations"/>
</testsuite> <!-- com.testNG.BrowsersTC_with_Annotations -->
