<?xml version="1.0" encoding="UTF-8"?>
<!-- Generated by org.testng.reporters.JUnitReportReporter -->
<testsuite skipped="0" hostname="Veeranti" name="com.testNG.BrowsersTC" tests="4" failures="0" timestamp="09 May 2018 04:58:25 GMT" time="24.477" errors="0">
  <testcase name="launchBroswer" time="5.574" classname="com.testNG.BrowsersTC"/>
  <testcase name="verifyPageTitleGoogle" time="3.719" classname="com.testNG.BrowsersTC"/>
  <testcase name="verifyPageTitleYahoo" time="15.007" classname="com.testNG.BrowsersTC"/>
  <testcase name="closebrowser" time="0.177" classname="com.testNG.BrowsersTC"/>
</testsuite> <!-- com.testNG.BrowsersTC -->
