<?xml version="1.0" encoding="UTF-8"?>
<!-- Generated by org.testng.reporters.JUnitReportReporter -->
<testsuite skipped="0" hostname="Veeranti" name="com.testNG.MultipleMethods" tests="3" failures="0" timestamp="09 May 2018 04:30:55 GMT" time="0.027" errors="0">
  <testcase name="testC" time="0.023" classname="com.testNG.MultipleMethods"/>
  <testcase name="testB" time="0.001" classname="com.testNG.MultipleMethods"/>
  <testcase name="testA" time="0.003" classname="com.testNG.MultipleMethods"/>
</testsuite> <!-- com.testNG.MultipleMethods -->
