<?xml version="1.0" encoding="UTF-8"?>
<!-- Generated by org.testng.reporters.JUnitReportReporter -->
<testsuite skipped="0" hostname="Veeranti" name="com.testNG.Sample" tests="1" failures="0" timestamp="09 May 2018 04:11:19 GMT" time="13.987" errors="0">
  <testcase name="verifyTitle" time="13.987" classname="com.testNG.Sample"/>
</testsuite> <!-- com.testNG.Sample -->
